<?xml version="1.0" encoding="UTF-8"?>
<testng-results skipped="0" failed="0" total="1" passed="1">
  <reporter-output>
  </reporter-output>
  <suite name="Default suite" duration-ms="6692" started-at="2022-04-11T07:20:33Z" finished-at="2022-04-11T07:20:40Z">
    <groups>
    </groups>
    <test name="Default test" duration-ms="6692" started-at="2022-04-11T07:20:33Z" finished-at="2022-04-11T07:20:40Z">
      <class name="Locators3.NameExampple3">
        <test-method status="PASS" signature="IdDemo()[pri:0, instance:Locators3.NameExampple3@3930015a]" name="IdDemo" duration-ms="6680" started-at="2022-04-11T12:50:33Z" finished-at="2022-04-11T12:50:40Z">
          <reporter-output>
          </reporter-output>
        </test-method> <!-- IdDemo -->
      </class> <!-- Locators3.NameExampple3 -->
    </test> <!-- Default test -->
  </suite> <!-- Default suite -->
</testng-results>
